{"G:\\my\\gp\\src\\core\\params.ts": {"path":"G:\\my\\gp\\src\\core\\params.ts","statementMap":{"0":{"start":{"line":9,"column":30},"end":{"line":49,"column":null}},"1":{"start":{"line":58,"column":30},"end":{"line":58,"column":null}}},"fnMap":{},"branchMap":{},"s":{"0":1,"1":1},"f":{},"b":{},"meta":{"lastBranch":0,"lastFunction":0,"lastStatement":2,"seen":{"s:9:30:49:Infinity":0,"s:58:30:58:Infinity":1},"fnNames":{}}}
,"G:\\my\\gp\\src\\main\\skin\\fallback.ts": {"path":"G:\\my\\gp\\src\\main\\skin\\fallback.ts","statementMap":{"0":{"start":{"line":14,"column":89},"end":{"line":24,"column":null}},"1":{"start":{"line":27,"column":2},"end":{"line":27,"column":null}},"2":{"start":{"line":31,"column":17},"end":{"line":31,"column":null}},"3":{"start":{"line":32,"column":2},"end":{"line":34,"column":null}},"4":{"start":{"line":33,"column":4},"end":{"line":33,"column":null}},"5":{"start":{"line":35,"column":2},"end":{"line":44,"column":null}}},"fnMap":{"0":{"name":"contractFor","decl":{"start":{"line":26,"column":16},"end":{"line":26,"column":28}},"loc":{"start":{"line":26,"column":97},"end":{"line":28,"column":null}},"line":26},"1":{"name":"fallbackSkin","decl":{"start":{"line":30,"column":16},"end":{"line":30,"column":29}},"loc":{"start":{"line":30,"column":58},"end":{"line":45,"column":null}},"line":30}},"branchMap":{},"s":{"0":1,"1":0,"2":3,"3":3,"4":27,"5":3},"f":{"0":0,"1":3},"b":{},"meta":{"lastBranch":0,"lastFunction":2,"lastStatement":6,"seen":{"s:14:89:24:Infinity":0,"f:26:16:26:28":0,"s:27:2:27:Infinity":1,"f:30:16:30:29":1,"s:31:17:31:Infinity":2,"s:32:2:34:Infinity":3,"s:33:4:33:Infinity":4,"s:35:2:44:Infinity":5},"fnNames":{}}}
,"G:\\my\\gp\\src\\main\\skin\\loader.ts": {"path":"G:\\my\\gp\\src\\main\\skin\\loader.ts","statementMap":{"0":{"start":{"line":25,"column":23},"end":{"line":25,"column":null}},"1":{"start":{"line":26,"column":23},"end":{"line":26,"column":null}},"2":{"start":{"line":27,"column":19},"end":{"line":27,"column":null}},"3":{"start":{"line":29,"column":17},"end":{"line":29,"column":null}},"4":{"start":{"line":30,"column":2},"end":{"line":44,"column":null}},"5":{"start":{"line":31,"column":17},"end":{"line":31,"column":null}},"6":{"start":{"line":32,"column":17},"end":{"line":32,"column":null}},"7":{"start":{"line":33,"column":20},"end":{"line":33,"column":null}},"8":{"start":{"line":34,"column":17},"end":{"line":34,"column":null}},"9":{"start":{"line":35,"column":4},"end":{"line":43,"column":null}},"10":{"start":{"line":46,"column":2},"end":{"line":54,"column":null}},"11":{"start":{"line":66,"column":27},"end":{"line":66,"column":null}},"12":{"start":{"line":67,"column":2},"end":{"line":73,"column":null}},"13":{"start":{"line":68,"column":4},"end":{"line":72,"column":null}},"14":{"start":{"line":69,"column":6},"end":{"line":69,"column":null}},"15":{"start":{"line":71,"column":6},"end":{"line":71,"column":null}},"16":{"start":{"line":74,"column":17},"end":{"line":74,"column":null}},"17":{"start":{"line":75,"column":2},"end":{"line":75,"column":null}},"18":{"start":{"line":76,"column":2},"end":{"line":76,"column":null}}},"fnMap":{"0":{"name":"loadSkinFrom","decl":{"start":{"line":24,"column":16},"end":{"line":24,"column":29}},"loc":{"start":{"line":24,"column":74},"end":{"line":55,"column":null}},"line":24},"1":{"name":"loadSkin","decl":{"start":{"line":61,"column":16},"end":{"line":61,"column":null}},"loc":{"start":{"line":65,"column":15},"end":{"line":77,"column":null}},"line":65}},"branchMap":{"0":{"loc":{"start":{"line":40,"column":10},"end":{"line":40,"column":null}},"type":"cond-expr","locations":[{"start":{"line":40,"column":39},"end":{"line":40,"column":44}},{"start":{"line":40,"column":44},"end":{"line":40,"column":null}}],"line":40},"1":{"loc":{"start":{"line":41,"column":11},"end":{"line":41,"column":null}},"type":"cond-expr","locations":[{"start":{"line":41,"column":30},"end":{"line":41,"column":66}},{"start":{"line":41,"column":66},"end":{"line":41,"column":null}}],"line":41},"2":{"loc":{"start":{"line":42,"column":13},"end":{"line":42,"column":null}},"type":"cond-expr","locations":[{"start":{"line":42,"column":32},"end":{"line":42,"column":65}},{"start":{"line":42,"column":65},"end":{"line":42,"column":null}}],"line":42},"3":{"loc":{"start":{"line":71,"column":36},"end":{"line":71,"column":86}},"type":"cond-expr","locations":[{"start":{"line":71,"column":59},"end":{"line":71,"column":73}},{"start":{"line":71,"column":73},"end":{"line":71,"column":86}}],"line":71}},"s":{"0":10,"1":10,"2":10,"3":10,"4":10,"5":36,"6":36,"7":36,"8":36,"9":36,"10":4,"11":2,"12":2,"13":3,"14":3,"15":2,"16":1,"17":1,"18":2},"f":{"0":10,"1":2},"b":{"0":[24,12],"1":[4,32],"2":[1,35],"3":[2,0]},"meta":{"lastBranch":4,"lastFunction":2,"lastStatement":19,"seen":{"f:24:16:24:29":0,"s:25:23:25:Infinity":0,"s:26:23:26:Infinity":1,"s:27:19:27:Infinity":2,"s:29:17:29:Infinity":3,"s:30:2:44:Infinity":4,"s:31:17:31:Infinity":5,"s:32:17:32:Infinity":6,"s:33:20:33:Infinity":7,"s:34:17:34:Infinity":8,"s:35:4:43:Infinity":9,"b:40:39:40:44:40:44:40:Infinity":0,"b:41:30:41:66:41:66:41:Infinity":1,"b:42:32:42:65:42:65:42:Infinity":2,"s:46:2:54:Infinity":10,"f:61:16:61:Infinity":1,"s:66:27:66:Infinity":11,"s:67:2:73:Infinity":12,"s:68:4:72:Infinity":13,"s:69:6:69:Infinity":14,"s:71:6:71:Infinity":15,"b:71:59:71:73:71:73:71:86":3,"s:74:17:74:Infinity":16,"s:75:2:75:Infinity":17,"s:76:2:76:Infinity":18},"fnNames":{}}}
,"G:\\my\\gp\\src\\main\\skin\\schema.ts": {"path":"G:\\my\\gp\\src\\main\\skin\\schema.ts","statementMap":{"0":{"start":{"line":14,"column":19},"end":{"line":19,"column":null}},"1":{"start":{"line":21,"column":24},"end":{"line":27,"column":null}},"2":{"start":{"line":29,"column":20},"end":{"line":31,"column":null}},"3":{"start":{"line":30,"column":34},"end":{"line":30,"column":56}},"4":{"start":{"line":33,"column":26},"end":{"line":46,"column":null}}},"fnMap":{"0":{"name":"(anonymous_0)","decl":{"start":{"line":30,"column":21},"end":{"line":30,"column":26}},"loc":{"start":{"line":30,"column":34},"end":{"line":30,"column":56}},"line":30}},"branchMap":{},"s":{"0":1,"1":1,"2":1,"3":9,"4":1},"f":{"0":9},"b":{},"meta":{"lastBranch":0,"lastFunction":1,"lastStatement":5,"seen":{"s:14:19:19:Infinity":0,"s:21:24:27:Infinity":1,"s:29:20:31:Infinity":2,"f:30:21:30:26":0,"s:30:34:30:56":3,"s:33:26:46:Infinity":4},"fnNames":{}}}
,"G:\\my\\gp\\src\\main\\util\\geometry.ts": {"path":"G:\\my\\gp\\src\\main\\util\\geometry.ts","statementMap":{"0":{"start":{"line":17,"column":33},"end":{"line":17,"column":null}},"1":{"start":{"line":20,"column":33},"end":{"line":20,"column":null}},"2":{"start":{"line":31,"column":18},"end":{"line":31,"column":null}},"3":{"start":{"line":32,"column":19},"end":{"line":32,"column":null}},"4":{"start":{"line":33,"column":17},"end":{"line":33,"column":null}},"5":{"start":{"line":34,"column":20},"end":{"line":34,"column":null}},"6":{"start":{"line":36,"column":10},"end":{"line":36,"column":null}},"7":{"start":{"line":37,"column":10},"end":{"line":37,"column":null}},"8":{"start":{"line":40,"column":2},"end":{"line":42,"column":null}},"9":{"start":{"line":41,"column":4},"end":{"line":41,"column":null}},"10":{"start":{"line":43,"column":2},"end":{"line":45,"column":null}},"11":{"start":{"line":44,"column":4},"end":{"line":44,"column":null}},"12":{"start":{"line":47,"column":2},"end":{"line":47,"column":null}},"13":{"start":{"line":51,"column":2},"end":{"line":51,"column":null}},"14":{"start":{"line":55,"column":2},"end":{"line":55,"column":null}},"15":{"start":{"line":60,"column":2},"end":{"line":63,"column":null}},"16":{"start":{"line":79,"column":17},"end":{"line":79,"column":null}},"17":{"start":{"line":80,"column":2},"end":{"line":82,"column":null}},"18":{"start":{"line":81,"column":4},"end":{"line":81,"column":null}},"19":{"start":{"line":81,"column":32},"end":{"line":81,"column":null}},"20":{"start":{"line":83,"column":2},"end":{"line":83,"column":null}}},"fnMap":{"0":{"name":"snapToEdge","decl":{"start":{"line":26,"column":16},"end":{"line":26,"column":null}},"loc":{"start":{"line":30,"column":28},"end":{"line":48,"column":null}},"line":30},"1":{"name":"centerOf","decl":{"start":{"line":50,"column":9},"end":{"line":50,"column":18}},"loc":{"start":{"line":50,"column":55},"end":{"line":52,"column":null}},"line":50},"2":{"name":"contains","decl":{"start":{"line":54,"column":9},"end":{"line":54,"column":18}},"loc":{"start":{"line":54,"column":67},"end":{"line":56,"column":null}},"line":54},"3":{"name":"bottomRightOf","decl":{"start":{"line":59,"column":16},"end":{"line":59,"column":30}},"loc":{"start":{"line":59,"column":139},"end":{"line":64,"column":null}},"line":59},"4":{"name":"ensureVisible","decl":{"start":{"line":73,"column":16},"end":{"line":73,"column":null}},"loc":{"start":{"line":78,"column":28},"end":{"line":84,"column":null}},"line":78}},"branchMap":{"0":{"loc":{"start":{"line":29,"column":2},"end":{"line":29,"column":null}},"type":"default-arg","locations":[{"start":{"line":29,"column":22},"end":{"line":29,"column":null}}],"line":29},"1":{"loc":{"start":{"line":40,"column":2},"end":{"line":42,"column":null}},"type":"if","locations":[{"start":{"line":40,"column":2},"end":{"line":42,"column":null}},{"start":{},"end":{}}],"line":40},"2":{"loc":{"start":{"line":40,"column":6},"end":{"line":40,"column":51}},"type":"binary-expr","locations":[{"start":{"line":40,"column":6},"end":{"line":40,"column":29}},{"start":{"line":40,"column":29},"end":{"line":40,"column":51}}],"line":40},"3":{"loc":{"start":{"line":41,"column":8},"end":{"line":41,"column":null}},"type":"cond-expr","locations":[{"start":{"line":41,"column":30},"end":{"line":41,"column":39}},{"start":{"line":41,"column":39},"end":{"line":41,"column":null}}],"line":41},"4":{"loc":{"start":{"line":43,"column":2},"end":{"line":45,"column":null}},"type":"if","locations":[{"start":{"line":43,"column":2},"end":{"line":45,"column":null}},{"start":{},"end":{}}],"line":43},"5":{"loc":{"start":{"line":43,"column":6},"end":{"line":43,"column":51}},"type":"binary-expr","locations":[{"start":{"line":43,"column":6},"end":{"line":43,"column":28}},{"start":{"line":43,"column":28},"end":{"line":43,"column":51}}],"line":43},"6":{"loc":{"start":{"line":44,"column":8},"end":{"line":44,"column":null}},"type":"cond-expr","locations":[{"start":{"line":44,"column":30},"end":{"line":44,"column":39}},{"start":{"line":44,"column":39},"end":{"line":44,"column":null}}],"line":44},"7":{"loc":{"start":{"line":55,"column":9},"end":{"line":55,"column":null}},"type":"binary-expr","locations":[{"start":{"line":55,"column":9},"end":{"line":55,"column":23}},{"start":{"line":55,"column":23},"end":{"line":55,"column":46}},{"start":{"line":55,"column":46},"end":{"line":55,"column":60}},{"start":{"line":55,"column":60},"end":{"line":55,"column":null}}],"line":55},"8":{"loc":{"start":{"line":59,"column":85},"end":{"line":59,"column":139}},"type":"default-arg","locations":[{"start":{"line":59,"column":94},"end":{"line":59,"column":139}}],"line":59},"9":{"loc":{"start":{"line":77,"column":2},"end":{"line":77,"column":null}},"type":"default-arg","locations":[{"start":{"line":77,"column":11},"end":{"line":77,"column":null}}],"line":77},"10":{"loc":{"start":{"line":81,"column":4},"end":{"line":81,"column":null}},"type":"if","locations":[{"start":{"line":81,"column":4},"end":{"line":81,"column":null}},{"start":{},"end":{}}],"line":81}},"s":{"0":1,"1":1,"2":6,"3":6,"4":6,"5":6,"6":6,"7":6,"8":6,"9":5,"10":6,"11":2,"12":6,"13":4,"14":4,"15":7,"16":4,"17":4,"18":4,"19":1,"20":3},"f":{"0":6,"1":4,"2":4,"3":7,"4":4},"b":{"0":[6],"1":[5,1],"2":[6,2],"3":[3,2],"4":[2,4],"5":[6,5],"6":[1,1],"7":[4,3,1,1],"8":[7],"9":[4],"10":[1,3]},"meta":{"lastBranch":11,"lastFunction":5,"lastStatement":21,"seen":{"s:17:33:17:Infinity":0,"s:20:33:20:Infinity":1,"f:26:16:26:Infinity":0,"b:29:22:29:Infinity":0,"s:31:18:31:Infinity":2,"s:32:19:32:Infinity":3,"s:33:17:33:Infinity":4,"s:34:20:34:Infinity":5,"s:36:10:36:Infinity":6,"s:37:10:37:Infinity":7,"b:40:2:42:Infinity:undefined:undefined:undefined:undefined":1,"s:40:2:42:Infinity":8,"b:40:6:40:29:40:29:40:51":2,"s:41:4:41:Infinity":9,"b:41:30:41:39:41:39:41:Infinity":3,"b:43:2:45:Infinity:undefined:undefined:undefined:undefined":4,"s:43:2:45:Infinity":10,"b:43:6:43:28:43:28:43:51":5,"s:44:4:44:Infinity":11,"b:44:30:44:39:44:39:44:Infinity":6,"s:47:2:47:Infinity":12,"f:50:9:50:18":1,"s:51:2:51:Infinity":13,"f:54:9:54:18":2,"s:55:2:55:Infinity":14,"b:55:9:55:23:55:23:55:46:55:46:55:60:55:60:55:Infinity":7,"f:59:16:59:30":3,"b:59:94:59:139":8,"s:60:2:63:Infinity":15,"f:73:16:73:Infinity":4,"b:77:11:77:Infinity":9,"s:79:17:79:Infinity":16,"s:80:2:82:Infinity":17,"b:81:4:81:Infinity:undefined:undefined:undefined:undefined":10,"s:81:4:81:Infinity":18,"s:81:32:81:Infinity":19,"s:83:2:83:Infinity":20},"fnNames":{}}}
,"G:\\my\\gp\\src\\main\\util\\quiet.ts": {"path":"G:\\my\\gp\\src\\main\\util\\quiet.ts","statementMap":{"0":{"start":{"line":14,"column":15},"end":{"line":14,"column":null}},"1":{"start":{"line":17,"column":33},"end":{"line":17,"column":null}},"2":{"start":{"line":18,"column":35},"end":{"line":18,"column":null}},"3":{"start":{"line":21,"column":2},"end":{"line":33,"column":null}},"4":{"start":{"line":23,"column":6},"end":{"line":23,"column":null}},"5":{"start":{"line":25,"column":6},"end":{"line":25,"column":null}},"6":{"start":{"line":27,"column":20},"end":{"line":27,"column":null}},"7":{"start":{"line":28,"column":6},"end":{"line":28,"column":null}},"8":{"start":{"line":30,"column":6},"end":{"line":30,"column":null}},"9":{"start":{"line":30,"column":34},"end":{"line":30,"column":null}},"10":{"start":{"line":31,"column":6},"end":{"line":31,"column":null}},"11":{"start":{"line":38,"column":2},"end":{"line":38,"column":null}}},"fnMap":{"0":{"name":"quietUntil","decl":{"start":{"line":20,"column":16},"end":{"line":20,"column":27}},"loc":{"start":{"line":20,"column":69},"end":{"line":34,"column":null}},"line":20},"1":{"name":"isQuiet","decl":{"start":{"line":37,"column":16},"end":{"line":37,"column":24}},"loc":{"start":{"line":37,"column":68},"end":{"line":39,"column":null}},"line":37}},"branchMap":{"0":{"loc":{"start":{"line":21,"column":2},"end":{"line":33,"column":null}},"type":"switch","locations":[{"start":{"line":22,"column":4},"end":{"line":23,"column":null}},{"start":{"line":24,"column":4},"end":{"line":25,"column":null}},{"start":{"line":26,"column":4},"end":{"line":32,"column":null}}],"line":21},"1":{"loc":{"start":{"line":30,"column":6},"end":{"line":30,"column":null}},"type":"if","locations":[{"start":{"line":30,"column":6},"end":{"line":30,"column":null}},{"start":{},"end":{}}],"line":30},"2":{"loc":{"start":{"line":38,"column":9},"end":{"line":38,"column":null}},"type":"binary-expr","locations":[{"start":{"line":38,"column":9},"end":{"line":38,"column":27}},{"start":{"line":38,"column":27},"end":{"line":38,"column":null}}],"line":38}},"s":{"0":1,"1":1,"2":1,"3":5,"4":1,"5":1,"6":3,"7":3,"8":3,"9":2,"10":3,"11":4},"f":{"0":5,"1":4},"b":{"0":[1,1,3],"1":[2,1],"2":[4,3]},"meta":{"lastBranch":3,"lastFunction":2,"lastStatement":12,"seen":{"s:14:15:14:Infinity":0,"s:17:33:17:Infinity":1,"s:18:35:18:Infinity":2,"f:20:16:20:27":0,"b:22:4:23:Infinity:24:4:25:Infinity:26:4:32:Infinity":0,"s:21:2:33:Infinity":3,"s:23:6:23:Infinity":4,"s:25:6:25:Infinity":5,"s:27:20:27:Infinity":6,"s:28:6:28:Infinity":7,"b:30:6:30:Infinity:undefined:undefined:undefined:undefined":1,"s:30:6:30:Infinity":8,"s:30:34:30:Infinity":9,"s:31:6:31:Infinity":10,"f:37:16:37:24":1,"s:38:2:38:Infinity":11,"b:38:9:38:27:38:27:38:Infinity":2},"fnNames":{}}}
}
